<?xml version="1.0" encoding="UTF-8"?>
<!-- Generated by org.testng.reporters.JUnitXMLReporter -->
<testsuite ignored="0" hostname="Tejaswi" failures="0" tests="9" name="Test" time="379.351" errors="0" timestamp="2024-09-24T14:47:01 CDT">
  <testcase classname="airlines.Project2.Testcase5_searchforRoundtrip" name="roundtrip_selection" time="23.223"/>
  <testcase classname="airlines.Project2.Testcase14_Domestic_Roundtrip" name="domestic_roundtrip" time="22.636"/>
  <testcase classname="airlines.Project2.Testcase2_LoginwithcorrectCredentials" name="login" time="1.301"/>
  <testcase classname="airlines.Project2.Testcase7_Multicity_selection" name="multicity_search" time="35.806"/>
  <testcase classname="airlines.Project2.Testcase4_Oneway_searchflight" name="searchforflight" time="22.993"/>
  <testcase classname="airlines.Project2.Testcase8_Seatselection" name="seatselection" time="56.528"/>
  <testcase classname="airlines.Project2.Testcase15_ReachPaymentpage_MakePayment" name="payment" time="68.293"/>
  <testcase classname="airlines.Project2.Testcase6_economy_Business" name="validating_business_class" time="26.741"/>
  <testcase classname="airlines.Project2.Testcase9_MultiplePassengers_Singlebooking" name="multiplepassengers" time="44.695"/>
</testsuite> <!-- Test -->
