<?xml version="1.0" encoding="UTF-8"?>
<testng-results ignored="0" total="9" passed="9" failed="0" skipped="0">
  <reporter-output>
    <line>
      <![CDATA[Test case is pass]]>
    </line>
    <line>
      <![CDATA[Test case is pass]]>
    </line>
    <line>
      <![CDATA[Test case is pass]]>
    </line>
    <line>
      <![CDATA[Test case is pass]]>
    </line>
    <line>
      <![CDATA[Test case is pass]]>
    </line>
    <line>
      <![CDATA[Test case is pass]]>
    </line>
    <line>
      <![CDATA[Test case is pass]]>
    </line>
    <line>
      <![CDATA[Test case is pass]]>
    </line>
    <line>
      <![CDATA[Test case is pass]]>
    </line>
  </reporter-output>
  <suite started-at="2024-09-24T14:40:42 CDT" name="Suite" finished-at="2024-09-24T14:47:01 CDT" duration-ms="379351">
    <groups>
    </groups>
    <test started-at="2024-09-24T14:40:42 CDT" name="Test" finished-at="2024-09-24T14:47:01 CDT" duration-ms="379351">
      <class name="airlines.Project2.Testcase5_searchforRoundtrip">
        <test-method is-config="true" signature="launch_browser()[pri:0, instance:airlines.Project2.Testcase5_searchforRoundtrip@23c30a20]" started-at="2024-09-24T14:40:42 CDT" name="launch_browser" finished-at="2024-09-24T14:40:45 CDT" duration-ms="3478" status="PASS">
          <reporter-output>
          </reporter-output>
        </test-method> <!-- launch_browser -->
        <test-method signature="roundtrip_selection()[pri:0, instance:airlines.Project2.Testcase5_searchforRoundtrip@23c30a20]" started-at="2024-09-24T14:40:45 CDT" name="roundtrip_selection" finished-at="2024-09-24T14:41:08 CDT" duration-ms="23223" status="PASS">
          <reporter-output>
            <line>
              <![CDATA[Test case is pass]]>
            </line>
          </reporter-output>
        </test-method> <!-- roundtrip_selection -->
        <test-method is-config="true" signature="quit()[pri:0, instance:airlines.Project2.Testcase5_searchforRoundtrip@23c30a20]" started-at="2024-09-24T14:41:09 CDT" name="quit" finished-at="2024-09-24T14:41:14 CDT" duration-ms="5398" status="PASS">
          <reporter-output>
          </reporter-output>
        </test-method> <!-- quit -->
      </class> <!-- airlines.Project2.Testcase5_searchforRoundtrip -->
      <class name="airlines.Project2.Testcase7_Multicity_selection">
        <test-method is-config="true" signature="launch_browser()[pri:0, instance:airlines.Project2.Testcase7_Multicity_selection@6fdbe764]" started-at="2024-09-24T14:41:56 CDT" name="launch_browser" finished-at="2024-09-24T14:41:59 CDT" duration-ms="2561" status="PASS">
          <reporter-output>
          </reporter-output>
        </test-method> <!-- launch_browser -->
        <test-method signature="multicity_search()[pri:0, instance:airlines.Project2.Testcase7_Multicity_selection@6fdbe764]" started-at="2024-09-24T14:41:59 CDT" name="multicity_search" finished-at="2024-09-24T14:42:34 CDT" duration-ms="35806" status="PASS">
          <reporter-output>
            <line>
              <![CDATA[Test case is pass]]>
            </line>
          </reporter-output>
        </test-method> <!-- multicity_search -->
        <test-method is-config="true" signature="quit()[pri:0, instance:airlines.Project2.Testcase7_Multicity_selection@6fdbe764]" started-at="2024-09-24T14:42:35 CDT" name="quit" finished-at="2024-09-24T14:42:40 CDT" duration-ms="5397" status="PASS">
          <reporter-output>
          </reporter-output>
        </test-method> <!-- quit -->
      </class> <!-- airlines.Project2.Testcase7_Multicity_selection -->
      <class name="airlines.Project2.Testcase2_LoginwithcorrectCredentials">
        <test-method is-config="true" signature="launch_browser()[pri:0, instance:airlines.Project2.Testcase2_LoginwithcorrectCredentials@a38c7fe]" started-at="2024-09-24T14:41:46 CDT" name="launch_browser" finished-at="2024-09-24T14:41:49 CDT" duration-ms="3228" status="PASS">
          <reporter-output>
          </reporter-output>
        </test-method> <!-- launch_browser -->
        <test-method signature="login()[pri:0, instance:airlines.Project2.Testcase2_LoginwithcorrectCredentials@a38c7fe]" started-at="2024-09-24T14:41:49 CDT" name="login" finished-at="2024-09-24T14:41:51 CDT" duration-ms="1301" status="PASS">
          <reporter-output>
            <line>
              <![CDATA[Test case is pass]]>
            </line>
          </reporter-output>
        </test-method> <!-- login -->
        <test-method is-config="true" signature="quit()[pri:0, instance:airlines.Project2.Testcase2_LoginwithcorrectCredentials@a38c7fe]" started-at="2024-09-24T14:41:51 CDT" name="quit" finished-at="2024-09-24T14:41:56 CDT" duration-ms="5275" status="PASS">
          <reporter-output>
          </reporter-output>
        </test-method> <!-- quit -->
      </class> <!-- airlines.Project2.Testcase2_LoginwithcorrectCredentials -->
      <class name="airlines.Project2.Testcase4_Oneway_searchflight">
        <test-method is-config="true" signature="launch_browser()[pri:0, instance:airlines.Project2.Testcase4_Oneway_searchflight@51c668e3]" started-at="2024-09-24T14:42:40 CDT" name="launch_browser" finished-at="2024-09-24T14:42:43 CDT" duration-ms="2688" status="PASS">
          <reporter-output>
          </reporter-output>
        </test-method> <!-- launch_browser -->
        <test-method signature="searchforflight()[pri:0, instance:airlines.Project2.Testcase4_Oneway_searchflight@51c668e3]" started-at="2024-09-24T14:42:43 CDT" name="searchforflight" finished-at="2024-09-24T14:43:06 CDT" duration-ms="22993" status="PASS">
          <reporter-output>
            <line>
              <![CDATA[Test case is pass]]>
            </line>
          </reporter-output>
        </test-method> <!-- searchforflight -->
        <test-method is-config="true" signature="quit()[pri:0, instance:airlines.Project2.Testcase4_Oneway_searchflight@51c668e3]" started-at="2024-09-24T14:43:06 CDT" name="quit" finished-at="2024-09-24T14:43:11 CDT" duration-ms="5388" status="PASS">
          <reporter-output>
          </reporter-output>
        </test-method> <!-- quit -->
      </class> <!-- airlines.Project2.Testcase4_Oneway_searchflight -->
      <class name="airlines.Project2.Testcase14_Domestic_Roundtrip">
        <test-method is-config="true" signature="launch_browser()[pri:0, instance:airlines.Project2.Testcase14_Domestic_Roundtrip@4d5650ae]" started-at="2024-09-24T14:41:14 CDT" name="launch_browser" finished-at="2024-09-24T14:41:18 CDT" duration-ms="3865" status="PASS">
          <reporter-output>
          </reporter-output>
        </test-method> <!-- launch_browser -->
        <test-method signature="domestic_roundtrip()[pri:0, instance:airlines.Project2.Testcase14_Domestic_Roundtrip@4d5650ae]" started-at="2024-09-24T14:41:18 CDT" name="domestic_roundtrip" finished-at="2024-09-24T14:41:40 CDT" duration-ms="22636" status="PASS">
          <reporter-output>
            <line>
              <![CDATA[Test case is pass]]>
            </line>
          </reporter-output>
        </test-method> <!-- domestic_roundtrip -->
        <test-method is-config="true" signature="quit()[pri:0, instance:airlines.Project2.Testcase14_Domestic_Roundtrip@4d5650ae]" started-at="2024-09-24T14:41:41 CDT" name="quit" finished-at="2024-09-24T14:41:46 CDT" duration-ms="5367" status="PASS">
          <reporter-output>
          </reporter-output>
        </test-method> <!-- quit -->
      </class> <!-- airlines.Project2.Testcase14_Domestic_Roundtrip -->
      <class name="airlines.Project2.Testcase6_economy_Business">
        <test-method is-config="true" signature="launch_browser()[pri:0, instance:airlines.Project2.Testcase6_economy_Business@52719fb6]" started-at="2024-09-24T14:45:33 CDT" name="launch_browser" finished-at="2024-09-24T14:45:35 CDT" duration-ms="2598" status="PASS">
          <reporter-output>
          </reporter-output>
        </test-method> <!-- launch_browser -->
        <test-method signature="validating_business_class()[pri:0, instance:airlines.Project2.Testcase6_economy_Business@52719fb6]" started-at="2024-09-24T14:45:35 CDT" name="validating_business_class" finished-at="2024-09-24T14:46:02 CDT" duration-ms="26741" status="PASS">
          <reporter-output>
            <line>
              <![CDATA[Test case is pass]]>
            </line>
          </reporter-output>
        </test-method> <!-- validating_business_class -->
        <test-method is-config="true" signature="quit()[pri:0, instance:airlines.Project2.Testcase6_economy_Business@52719fb6]" started-at="2024-09-24T14:46:02 CDT" name="quit" finished-at="2024-09-24T14:46:08 CDT" duration-ms="5389" status="PASS">
          <reporter-output>
          </reporter-output>
        </test-method> <!-- quit -->
      </class> <!-- airlines.Project2.Testcase6_economy_Business -->
      <class name="airlines.Project2.Testcase15_ReachPaymentpage_MakePayment">
        <test-method is-config="true" signature="launch_browser()[pri:0, instance:airlines.Project2.Testcase15_ReachPaymentpage_MakePayment@6221a451]" started-at="2024-09-24T14:44:16 CDT" name="launch_browser" finished-at="2024-09-24T14:44:19 CDT" duration-ms="2473" status="PASS">
          <reporter-output>
          </reporter-output>
        </test-method> <!-- launch_browser -->
        <test-method signature="payment()[pri:0, instance:airlines.Project2.Testcase15_ReachPaymentpage_MakePayment@6221a451]" started-at="2024-09-24T14:44:19 CDT" name="payment" finished-at="2024-09-24T14:45:27 CDT" duration-ms="68293" status="PASS">
          <reporter-output>
            <line>
              <![CDATA[Test case is pass]]>
            </line>
          </reporter-output>
        </test-method> <!-- payment -->
        <test-method is-config="true" signature="quit()[pri:0, instance:airlines.Project2.Testcase15_ReachPaymentpage_MakePayment@6221a451]" started-at="2024-09-24T14:45:27 CDT" name="quit" finished-at="2024-09-24T14:45:33 CDT" duration-ms="5473" status="PASS">
          <reporter-output>
          </reporter-output>
        </test-method> <!-- quit -->
      </class> <!-- airlines.Project2.Testcase15_ReachPaymentpage_MakePayment -->
      <class name="airlines.Project2.Testcase8_Seatselection">
        <test-method is-config="true" signature="launch_browser()[pri:0, instance:airlines.Project2.Testcase8_Seatselection@2e6a8155]" started-at="2024-09-24T14:43:11 CDT" name="launch_browser" finished-at="2024-09-24T14:43:14 CDT" duration-ms="3149" status="PASS">
          <reporter-output>
          </reporter-output>
        </test-method> <!-- launch_browser -->
        <test-method signature="seatselection()[pri:0, instance:airlines.Project2.Testcase8_Seatselection@2e6a8155]" started-at="2024-09-24T14:43:14 CDT" name="seatselection" finished-at="2024-09-24T14:44:11 CDT" duration-ms="56528" status="PASS">
          <reporter-output>
            <line>
              <![CDATA[Test case is pass]]>
            </line>
          </reporter-output>
        </test-method> <!-- seatselection -->
        <test-method is-config="true" signature="quit()[pri:0, instance:airlines.Project2.Testcase8_Seatselection@2e6a8155]" started-at="2024-09-24T14:44:11 CDT" name="quit" finished-at="2024-09-24T14:44:16 CDT" duration-ms="5395" status="PASS">
          <reporter-output>
          </reporter-output>
        </test-method> <!-- quit -->
      </class> <!-- airlines.Project2.Testcase8_Seatselection -->
      <class name="airlines.Project2.Testcase9_MultiplePassengers_Singlebooking">
        <test-method is-config="true" signature="launch_browser()[pri:0, instance:airlines.Project2.Testcase9_MultiplePassengers_Singlebooking@3012646b]" started-at="2024-09-24T14:46:08 CDT" name="launch_browser" finished-at="2024-09-24T14:46:11 CDT" duration-ms="3106" status="PASS">
          <reporter-output>
          </reporter-output>
        </test-method> <!-- launch_browser -->
        <test-method signature="multiplepassengers()[pri:0, instance:airlines.Project2.Testcase9_MultiplePassengers_Singlebooking@3012646b]" started-at="2024-09-24T14:46:11 CDT" name="multiplepassengers" finished-at="2024-09-24T14:46:55 CDT" duration-ms="44695" status="PASS">
          <reporter-output>
            <line>
              <![CDATA[Test case is pass]]>
            </line>
          </reporter-output>
        </test-method> <!-- multiplepassengers -->
        <test-method is-config="true" signature="quit()[pri:0, instance:airlines.Project2.Testcase9_MultiplePassengers_Singlebooking@3012646b]" started-at="2024-09-24T14:46:56 CDT" name="quit" finished-at="2024-09-24T14:47:01 CDT" duration-ms="5413" status="PASS">
          <reporter-output>
          </reporter-output>
        </test-method> <!-- quit -->
      </class> <!-- airlines.Project2.Testcase9_MultiplePassengers_Singlebooking -->
    </test> <!-- Test -->
  </suite> <!-- Suite -->
</testng-results>
