<?xml version="1.0" encoding="UTF-8"?>
<testng-results ignored="0" total="1" passed="1" failed="0" skipped="0">
  <reporter-output>
    <line>
      <![CDATA[Test case is pass]]>
    </line>
  </reporter-output>
  <suite started-at="2024-09-24T14:37:44 CDT" name="Default suite" finished-at="2024-09-24T14:38:21 CDT" duration-ms="36384">
    <groups>
    </groups>
    <test started-at="2024-09-24T14:37:44 CDT" name="Default test" finished-at="2024-09-24T14:38:21 CDT" duration-ms="36384">
      <class name="airlines.Project2.Testcase6_economy_Business">
        <test-method is-config="true" signature="launch_browser()[pri:0, instance:airlines.Project2.Testcase6_economy_Business@58695725]" started-at="2024-09-24T14:37:44 CDT" name="launch_browser" finished-at="2024-09-24T14:37:49 CDT" duration-ms="4220" status="PASS">
          <reporter-output>
          </reporter-output>
        </test-method> <!-- launch_browser -->
        <test-method signature="validating_business_class()[pri:0, instance:airlines.Project2.Testcase6_economy_Business@58695725]" started-at="2024-09-24T14:37:49 CDT" name="validating_business_class" finished-at="2024-09-24T14:38:15 CDT" duration-ms="26544" status="PASS">
          <reporter-output>
            <line>
              <![CDATA[Test case is pass]]>
            </line>
          </reporter-output>
        </test-method> <!-- validating_business_class -->
        <test-method is-config="true" signature="quit()[pri:0, instance:airlines.Project2.Testcase6_economy_Business@58695725]" started-at="2024-09-24T14:38:15 CDT" name="quit" finished-at="2024-09-24T14:38:21 CDT" duration-ms="5421" status="PASS">
          <reporter-output>
          </reporter-output>
        </test-method> <!-- quit -->
      </class> <!-- airlines.Project2.Testcase6_economy_Business -->
    </test> <!-- Default test -->
  </suite> <!-- Default suite -->
</testng-results>
